<?xml version="1.0" encoding="UTF-8"?>
<!-- Generated by org.testng.reporters.JUnitReportReporter -->
<testsuite hostname="RAYAN" failures="0" tests="1" name="com.happy.dhaka.facebookTesting" time="26.485" errors="0" timestamp="2023-08-23T20:30:49 EDT" skipped="0">
  <testcase classname="com.happy.dhaka.facebookTesting" name="testingSoftware" time="26.485"/>
</testsuite> <!-- com.happy.dhaka.facebookTesting -->
