<?xml version="1.0" encoding="UTF-8"?>
<!-- Generated by org.testng.reporters.JUnitReportReporter -->
<testsuite hostname="RAYAN" failures="0" tests="1" name="com.happy.dhaka.testclass2" time="16.918" errors="0" timestamp="2023-08-25T03:39:36 EDT" skipped="0">
  <testcase classname="com.happy.dhaka.testclass2" name="tom" time="16.918"/>
</testsuite> <!-- com.happy.dhaka.testclass2 -->
