<?xml version="1.0" encoding="UTF-8"?>
<!-- Generated by org.testng.reporters.JUnitReportReporter -->
<testsuite hostname="RAYAN" failures="0" tests="1" name="com.happy.dhaka.testclass" time="22.092" errors="0" timestamp="2023-08-23T21:09:38 EDT" skipped="0">
  <testcase classname="com.happy.dhaka.testclass" name="happy" time="22.092"/>
</testsuite> <!-- com.happy.dhaka.testclass -->
