<?xml version="1.0" encoding="UTF-8"?>
<!-- Generated by org.testng.reporters.JUnitReportReporter -->
<testsuite hostname="RAYAN" failures="0" tests="1" name="com.happy.dhaka.myfirsttest" time="14.494" errors="0" timestamp="2023-08-22T02:29:17 EDT" skipped="0">
  <testcase classname="com.happy.dhaka.myfirsttest" name="openBrowser" time="14.494"/>
</testsuite> <!-- com.happy.dhaka.myfirsttest -->
